\BOOKMARK [1][-]{section.1}{\376\377\000I\000n\000t\000r\000o\000d\000u\000c\000t\000i\000o\000n}{}% 1
\BOOKMARK [2][-]{subsection.1.1}{\376\377\000O\000b\000j\000e\000c\000t\000i\000v\000e\000s}{section.1}% 2
\BOOKMARK [1][-]{section.2}{\376\377\000S\000y\000s\000t\000e\000m\000\040\000a\000r\000c\000h\000i\000t\000e\000c\000t\000u\000r\000e}{}% 3
\BOOKMARK [1][-]{section.3}{\376\377\000D\000e\000t\000a\000i\000l\000\040\000d\000e\000s\000i\000g\000n}{}% 4
\BOOKMARK [2][-]{subsection.3.1}{\376\377\000X\000A\000D\000C\000\040\000s\000u\000b\000s\000y\000s\000t\000e\000m}{section.3}% 5
\BOOKMARK [2][-]{subsection.3.2}{\376\377\000P\000W\000M\000\040\000R\000a\000m\000p\000\040\000A\000D\000C}{section.3}% 6
\BOOKMARK [2][-]{subsection.3.3}{\376\377\000R\0002\000R\000\040\000L\000a\000d\000d\000e\000r\000\040\000A\000D\000C}{section.3}% 7
\BOOKMARK [2][-]{subsection.3.4}{\376\377\000S\000u\000c\000c\000e\000s\000s\000i\000v\000e\000\040\000A\000p\000p\000r\000o\000x\000i\000m\000a\000t\000i\000o\000n\000\040\000A\000l\000g\000o\000r\000i\000t\000h\000m\000\040\000\050\000S\000A\000R\000\051}{section.3}% 8
\BOOKMARK [1][-]{section.4}{\376\377\000I\000m\000p\000l\000e\000m\000e\000n\000t\000a\000t\000i\000o\000n}{}% 9
\BOOKMARK [1][-]{section.5}{\376\377\000T\000e\000s\000t\000i\000n\000g\000\040\000a\000n\000d\000\040\000V\000e\000r\000i\000f\000i\000c\000a\000t\000i\000o\000n}{}% 10
\BOOKMARK [1][-]{section.6}{\376\377\000A\000I\000\040\000U\000s\000e}{}% 11
\BOOKMARK [1][-]{section.7}{\376\377\000L\000e\000s\000s\000o\000n\000s\000\040\000l\000e\000a\000r\000n\000e\000d}{}% 12
\BOOKMARK [1][-]{section.8}{\376\377\000C\000o\000n\000c\000l\000u\000s\000i\000o\000n}{}% 13
\BOOKMARK [1][-]{section*.2}{\376\377\000A\000p\000p\000e\000n\000d\000i\000x\000\040\000A\000:\000\040\000T\000e\000a\000m\000\040\000c\000o\000n\000t\000r\000i\000b\000u\000t\000i\000o\000n\000s}{}% 14
\BOOKMARK [2][-]{subsection.Appendix.A.1}{\376\377\000A\000m\000a\000r\000,\000\040\000H\000a\000m\000z\000a}{section*.2}% 15
\BOOKMARK [2][-]{subsection.Appendix.A.2}{\376\377\000F\000u\000e\000n\000t\000e\000s\000,\000\040\000S\000a\000n\000t\000i\000a\000g\000o}{section*.2}% 16
\BOOKMARK [2][-]{subsection.Appendix.A.3}{\376\377\000W\000i\000j\000a\000y\000a\000,\000\040\000R\000h\000e\000n\000a\000l\000d\000i}{section*.2}% 17
\BOOKMARK [1][-]{section*.3}{\376\377\000A\000p\000p\000e\000n\000d\000i\000x\000\040\000B\000:\000\040\000F\000i\000g\000u\000r\000e\000s\000\040\000\046\000\040\000F\000u\000l\000l\000\040\000R\000T\000L\000\040\000C\000o\000d\000e}{}% 18
\BOOKMARK [2][-]{subsection.Appendix.B.1}{\376\377\000F\000i\000g\000u\000r\000e\000s}{section*.3}% 19
\BOOKMARK [2][-]{subsection.Appendix.B.2}{\376\377\000S\000y\000s\000t\000e\000m\000V\000e\000r\000i\000l\000o\000g\000\040\000\050\000R\000T\000L\000\051}{section*.3}% 20
